{
  "RSpec": {
    "coverage": {
      "/home/dandy-scope-055a/tic-tac-toe-rb-ruby-intro-000/lib/tic_tac_toe.rb": [
        null,
        1,
        null,
        null,
        null,
        null,
        null,
        null,
        null,
        null,
        null,
        1,
        5,
        5,
        5,
        5,
        5,
        null,
        null,
        null,
        1,
        6,
        null,
        null,
        1,
        6,
        null,
        null,
        1,
        44,
        null,
        null,
        1,
        6,
        null,
        null,
        1,
        2,
        2,
        18,
        null,
        2,
        null,
        null,
        1,
        1,
        1,
        null,
        0,
        null,
        null,
        1,
        3,
        3,
        3,
        1,
        1,
        null,
        3,
        3,
        null,
        null,
        1,
        34,
        0,
        null,
        34,
        34,
        81,
        null,
        null,
        null,
        1,
        5,
        36,
        2,
        null,
        null,
        3,
        null,
        null,
        1,
        10,
        62,
        null,
        null,
        null,
        1,
        6,
        null,
        null,
        1,
        3,
        null
      ]
    },
    "timestamp": 1610039115
  }
}
